<?xml version="1.0" encoding="UTF-8"?>
<testng-results skipped="0" failed="0" ignored="0" total="1" passed="1">
  <reporter-output>
  </reporter-output>
  <suite name="Default suite" duration-ms="100" started-at="2018-11-30T14:11:22Z" finished-at="2018-11-30T14:11:22Z">
    <groups>
    </groups>
    <test name="Default test" duration-ms="100" started-at="2018-11-30T14:11:22Z" finished-at="2018-11-30T14:11:22Z">
      <class name="test.Annot2">
        <test-method status="PASS" signature="Login()[pri:0, instance:test.Annot2@6cc4c815]" name="Login" duration-ms="11" started-at="2018-11-30T14:11:22Z" finished-at="2018-11-30T14:11:22Z">
          <reporter-output>
          </reporter-output>
        </test-method> <!-- Login -->
      </class> <!-- test.Annot2 -->
    </test> <!-- Default test -->
  </suite> <!-- Default suite -->
</testng-results>
