<?xml version="1.0" encoding="UTF-8"?>
<!-- Generated by org.testng.reporters.JUnitXMLReporter -->
<testsuite hostname="YP1007518DT" ignored="2" name="Car Loan" tests="5" failures="0" timestamp="29 Nov 2018 11:29:33 GMT" time="0.112" errors="0">
  <testcase name="MobileLogincarLoan" time="0.005" classname="test.day3"/>
  <testcase name="MobilesignoutcarLoan" time="0.001" classname="test.day3"/>
  <testcase name="MobilesignoutcarLoan" time="0.002" classname="test.day3"/>
  <testcase name="MobilesignoutcarLoan" time="0.001" classname="test.day3"/>
  <testcase name="WebloginCarLoan" time="0.03" classname="test.day3"/>
  <testcase name="APIcarLoan" time="0.0" classname="test.day3">
    <ignored/>
  </testcase> <!-- APIcarLoan -->
  <testcase name="MobilesignimcarLoan" time="0.0" classname="test.day3">
    <ignored/>
  </testcase> <!-- MobilesignimcarLoan -->
</testsuite> <!-- Car Loan -->
