<?xml version="1.0" encoding="UTF-8"?>
<!-- Generated by org.testng.reporters.JUnitXMLReporter -->
<testsuite hostname="YP1007518DT" ignored="0" name="Personal loan" tests="6" failures="0" timestamp="28 Nov 2018 13:38:33 GMT" time="0.051" errors="0">
  <testcase name="demo" time="0.01" classname="test.day1"/>
  <testcase name="secondTest" time="0.001" classname="test.day1"/>
  <testcase name="ploan" time="0.001" classname="test.day2"/>
  <testcase name="LoginApihomeLoan" time="0.001" classname="test.day4"/>
  <testcase name="MobileLoginhomeLoan" time="0.001" classname="test.day4"/>
  <testcase name="webloginhomeLoan" time="0.009" classname="test.day4"/>
</testsuite> <!-- Personal loan -->
